<?xml version="1.0" encoding="UTF-8"?>
<robot generator="Robot 7.0 (Python 3.11.1 on darwin)" generated="2024-02-02T17:44:30.596718" rpa="false" schemaversion="5">
<suite id="s1" name="Crm" source="/Users/zhenglu/Documents/Tutorials/RobotFramework/crm/tests/crm.robot">
<test id="s1-t1" name="Should be able to add new customer" line="9">
<kw name="Set Selenium Speed" owner="SeleniumLibrary">
<arg>.2s</arg>
<doc>Sets the delay that is waited after each Selenium command.</doc>
<status status="PASS" start="2024-02-02T17:44:30.663348" elapsed="0.000127"/>
</kw>
<kw name="Set Selenium Timeout" owner="SeleniumLibrary">
<arg>10s</arg>
<doc>Sets the timeout that is used by various keywords.</doc>
<status status="PASS" start="2024-02-02T17:44:30.663556" elapsed="0.000081"/>
</kw>
<kw name="Log" owner="BuiltIn">
<msg time="2024-02-02T17:44:30.663765" level="INFO">Starting the test case!</msg>
<arg>Starting the test case!</arg>
<doc>Logs the given message with the given level.</doc>
<status status="PASS" start="2024-02-02T17:44:30.663709" elapsed="0.000080"/>
</kw>
<kw name="Open Browser" owner="SeleniumLibrary">
<msg time="2024-02-02T17:44:30.663938" level="INFO">Opening browser 'safari' to base url 'https://automationplayground.com/crm/'.</msg>
<arg>https://automationplayground.com/crm/</arg>
<arg>safari</arg>
<doc>Opens a new browser instance to the optional ``url``.</doc>
<status status="PASS" start="2024-02-02T17:44:30.663867" elapsed="2.162999"/>
</kw>
<kw name="Set Window Size" owner="SeleniumLibrary">
<arg>1935</arg>
<arg>1090</arg>
<doc>Sets current windows size to given ``width`` and ``height``.</doc>
<status status="PASS" start="2024-02-02T17:44:32.828425" elapsed="0.226603"/>
</kw>
<kw name="Wait Until Page Contains" owner="SeleniumLibrary">
<arg>Customers Are Priority One</arg>
<doc>Waits until ``text`` appears on the current page.</doc>
<status status="PASS" start="2024-02-02T17:44:33.055661" elapsed="0.220194"/>
</kw>
<kw name="Click Link" owner="SeleniumLibrary">
<msg time="2024-02-02T17:44:33.277836" level="INFO">Clicking link 'id=SignIn'.</msg>
<arg>id=SignIn</arg>
<doc>Clicks a link identified by ``locator``.</doc>
<status status="PASS" start="2024-02-02T17:44:33.276436" elapsed="0.687070"/>
</kw>
<kw name="Page Should Contain" owner="SeleniumLibrary">
<msg time="2024-02-02T17:44:34.386182" level="INFO">Current page contains text 'Login'.</msg>
<arg>Login</arg>
<doc>Verifies that current page contains ``text``.</doc>
<status status="PASS" start="2024-02-02T17:44:33.964240" elapsed="0.422528"/>
</kw>
<kw name="Input Text" owner="SeleniumLibrary">
<msg time="2024-02-02T17:44:34.389438" level="INFO">Typing text 'admin@robotframeworktutorial.com' into text field 'name=email-name'.</msg>
<arg>name=email-name</arg>
<arg>admin@robotframeworktutorial.com</arg>
<doc>Types the given ``text`` into the text field identified by ``locator``.</doc>
<status status="PASS" start="2024-02-02T17:44:34.388603" elapsed="0.733761"/>
</kw>
<kw name="Input Text" owner="SeleniumLibrary">
<msg time="2024-02-02T17:44:35.124916" level="INFO">Typing text 'qwe' into text field 'id=password'.</msg>
<arg>id=password</arg>
<arg>qwe</arg>
<doc>Types the given ``text`` into the text field identified by ``locator``.</doc>
<status status="PASS" start="2024-02-02T17:44:35.123802" elapsed="0.690096"/>
</kw>
<kw name="Click Button" owner="SeleniumLibrary">
<msg time="2024-02-02T17:44:35.816297" level="INFO">Clicking button 'Submit'.</msg>
<arg>Submit</arg>
<doc>Clicks the button identified by ``locator``.</doc>
<status status="PASS" start="2024-02-02T17:44:35.815227" elapsed="0.885763"/>
</kw>
<kw name="Wait Until Page Contains" owner="SeleniumLibrary">
<arg>Our Happy Customers</arg>
<doc>Waits until ``text`` appears on the current page.</doc>
<status status="PASS" start="2024-02-02T17:44:36.701720" elapsed="0.214368"/>
</kw>
<kw name="Click Link" owner="SeleniumLibrary">
<msg time="2024-02-02T17:44:36.918026" level="INFO">Clicking link 'New Customer'.</msg>
<arg>New Customer</arg>
<doc>Clicks a link identified by ``locator``.</doc>
<status status="PASS" start="2024-02-02T17:44:36.917096" elapsed="0.677097"/>
</kw>
<kw name="Wait Until Page Contains" owner="SeleniumLibrary">
<arg>Add Customer</arg>
<doc>Waits until ``text`` appears on the current page.</doc>
<status status="PASS" start="2024-02-02T17:44:37.595401" elapsed="0.218890"/>
</kw>
<kw name="Input Text" owner="SeleniumLibrary">
<msg time="2024-02-02T17:44:37.816574" level="INFO">Typing text 'janedoe@gmail.com' into text field 'id=EmailAddress'.</msg>
<arg>id=EmailAddress</arg>
<arg>janedoe@gmail.com</arg>
<doc>Types the given ``text`` into the text field identified by ``locator``.</doc>
<status status="PASS" start="2024-02-02T17:44:37.815697" elapsed="0.705221"/>
</kw>
<kw name="Input Text" owner="SeleniumLibrary">
<msg time="2024-02-02T17:44:38.523472" level="INFO">Typing text 'Jane' into text field 'id=FirstName'.</msg>
<arg>id=FirstName</arg>
<arg>Jane</arg>
<doc>Types the given ``text`` into the text field identified by ``locator``.</doc>
<status status="PASS" start="2024-02-02T17:44:38.522278" elapsed="0.696061"/>
</kw>
<kw name="Input Text" owner="SeleniumLibrary">
<msg time="2024-02-02T17:44:39.220554" level="INFO">Typing text 'Doe' into text field 'id=LastName'.</msg>
<arg>id=LastName</arg>
<arg>Doe</arg>
<doc>Types the given ``text`` into the text field identified by ``locator``.</doc>
<status status="PASS" start="2024-02-02T17:44:39.219546" elapsed="0.690963"/>
</kw>
<kw name="Input Text" owner="SeleniumLibrary">
<msg time="2024-02-02T17:44:39.912830" level="INFO">Typing text 'Dallas' into text field 'id=City'.</msg>
<arg>id=City</arg>
<arg>Dallas</arg>
<doc>Types the given ``text`` into the text field identified by ``locator``.</doc>
<status status="PASS" start="2024-02-02T17:44:39.911860" elapsed="0.707972"/>
</kw>
<kw name="Select From List By Value" owner="SeleniumLibrary">
<msg time="2024-02-02T17:44:40.622470" level="INFO">Selecting options from selection list 'id=StateOrRegion' by value TX.</msg>
<arg>id=StateOrRegion</arg>
<arg>TX</arg>
<doc>Selects options from selection list ``locator`` by ``values``.</doc>
<status status="PASS" start="2024-02-02T17:44:40.621567" elapsed="1.732292"/>
</kw>
<kw name="Select Radio Button" owner="SeleniumLibrary">
<msg time="2024-02-02T17:44:42.355561" level="INFO">Selecting 'male' from radio button 'gender'.</msg>
<arg>gender</arg>
<arg>male</arg>
<doc>Sets the radio button group ``group_name`` to ``value``.</doc>
<status status="PASS" start="2024-02-02T17:44:42.354952" elapsed="0.660842"/>
</kw>
<kw name="Select Checkbox" owner="SeleniumLibrary">
<msg time="2024-02-02T17:44:43.017950" level="INFO">Selecting checkbox 'promos-name'.</msg>
<arg>promos-name</arg>
<doc>Selects the checkbox identified by ``locator``.</doc>
<status status="PASS" start="2024-02-02T17:44:43.017131" elapsed="0.866874"/>
</kw>
<kw name="Click Button" owner="SeleniumLibrary">
<msg time="2024-02-02T17:44:43.887135" level="INFO">Clicking button 'Submit'.</msg>
<arg>Submit</arg>
<doc>Clicks the button identified by ``locator``.</doc>
<status status="PASS" start="2024-02-02T17:44:43.886369" elapsed="0.875303"/>
</kw>
<kw name="Wait Until Page Contains" owner="SeleniumLibrary">
<arg>Success! New customer added.</arg>
<doc>Waits until ``text`` appears on the current page.</doc>
<status status="PASS" start="2024-02-02T17:44:44.762279" elapsed="0.214033"/>
</kw>
<kw name="Sleep" owner="BuiltIn">
<msg time="2024-02-02T17:44:47.978083" level="INFO">Slept 3 seconds.</msg>
<arg>3s</arg>
<doc>Pauses the test executed for the given time.</doc>
<status status="PASS" start="2024-02-02T17:44:44.976910" elapsed="3.001669"/>
</kw>
<kw name="Close Browser" owner="SeleniumLibrary">
<doc>Closes the current browser.</doc>
<status status="PASS" start="2024-02-02T17:44:47.979478" elapsed="0.239602"/>
</kw>
<doc>This is some basic info about the test</doc>
<tag>1006</tag>
<tag>Contacts</tag>
<tag>Somke</tag>
<status status="PASS" start="2024-02-02T17:44:30.662895" elapsed="17.557504"/>
</test>
<doc>This is some basic info about the whole suite</doc>
<status status="PASS" start="2024-02-02T17:44:30.597306" elapsed="17.624070"/>
</suite>
<statistics>
<total>
<stat pass="1" fail="0" skip="0">All Tests</stat>
</total>
<tag>
<stat pass="1" fail="0" skip="0">1006</stat>
<stat pass="1" fail="0" skip="0">Contacts</stat>
<stat pass="1" fail="0" skip="0">Somke</stat>
</tag>
<suite>
<stat pass="1" fail="0" skip="0" id="s1" name="Crm">Crm</stat>
</suite>
</statistics>
<errors>
</errors>
</robot>
