<?xml version="1.0" encoding="UTF-8"?>
<robot generator="Robot 7.0 (Python 3.11.1 on darwin)" generated="2024-02-03T13:50:03.930047" rpa="false" schemaversion="5">
<suite id="s1" name="Demo" source="/Users/zhenglu/Documents/Tutorials/RobotFramework/keyword-demo/demo.robot">
<test id="s1-t1" name="Test case 1" line="4">
<kw name="Do Something">
<kw name="Log" owner="BuiltIn">
<msg time="2024-02-03T13:50:03.940130" level="INFO">I am doing something...</msg>
<arg>I am doing something...</arg>
<doc>Logs the given message with the given level.</doc>
<status status="PASS" start="2024-02-03T13:50:03.940071" elapsed="0.000087"/>
</kw>
<status status="PASS" start="2024-02-03T13:50:03.939871" elapsed="0.000324"/>
</kw>
<kw name="Do Something Else">
<kw name="Log" owner="BuiltIn">
<msg time="2024-02-03T13:50:03.940395" level="INFO">I am doing something else...</msg>
<arg>I am doing something else...</arg>
<doc>Logs the given message with the given level.</doc>
<status status="PASS" start="2024-02-03T13:50:03.940354" elapsed="0.000058"/>
</kw>
<status status="PASS" start="2024-02-03T13:50:03.940262" elapsed="0.000174"/>
</kw>
<status status="PASS" start="2024-02-03T13:50:03.939701" elapsed="0.000784"/>
</test>
<test id="s1-t2" name="Test case 2" line="8">
<kw name="Do Another Thing">
<kw name="Log" owner="BuiltIn">
<msg time="2024-02-03T13:50:03.940789" level="INFO">I am doing another thing...</msg>
<arg>I am doing another thing...</arg>
<doc>Logs the given message with the given level.</doc>
<status status="PASS" start="2024-02-03T13:50:03.940747" elapsed="0.000058"/>
</kw>
<status status="PASS" start="2024-02-03T13:50:03.940664" elapsed="0.000163"/>
</kw>
<kw name="Do Something Else">
<kw name="Log" owner="BuiltIn">
<msg time="2024-02-03T13:50:03.941020" level="INFO">I am doing something else...</msg>
<arg>I am doing something else...</arg>
<doc>Logs the given message with the given level.</doc>
<status status="PASS" start="2024-02-03T13:50:03.940979" elapsed="0.000057"/>
</kw>
<status status="PASS" start="2024-02-03T13:50:03.940884" elapsed="0.000177"/>
</kw>
<status status="PASS" start="2024-02-03T13:50:03.940558" elapsed="0.000551"/>
</test>
<status status="PASS" start="2024-02-03T13:50:03.930582" elapsed="0.010662"/>
</suite>
<statistics>
<total>
<stat pass="2" fail="0" skip="0">All Tests</stat>
</total>
<tag>
</tag>
<suite>
<stat pass="2" fail="0" skip="0" id="s1" name="Demo">Demo</stat>
</suite>
</statistics>
<errors>
</errors>
</robot>
